<?xml version="1.0" encoding="UTF-8"?>
<testng-results ignored="0" total="1" passed="1" failed="0" skipped="0">
  <reporter-output>
  </reporter-output>
  <suite started-at="2023-07-06T10:30:24 IST" name="Default suite" finished-at="2023-07-06T10:30:24 IST" duration-ms="91">
    <groups>
    </groups>
    <test started-at="2023-07-06T10:30:24 IST" name="Default test" finished-at="2023-07-06T10:30:24 IST" duration-ms="91">
      <class name="demo.Demo2Test">
        <test-method signature="m2()[pri:0, instance:demo.Demo2Test@49c7b90e]" started-at="2023-07-06T10:30:24 IST" name="m2" finished-at="2023-07-06T10:30:24 IST" duration-ms="15" status="PASS">
          <reporter-output>
          </reporter-output>
        </test-method> <!-- m2 -->
      </class> <!-- demo.Demo2Test -->
    </test> <!-- Default test -->
  </suite> <!-- Default suite -->
</testng-results>
